# JRE version: Java(TM) SE Runtime Environment (13.0.2+8) (build 13.0.2+8)
# Java VM: Java HotSpot(TM) 64-Bit Server VM (13.0.2+8, mixed mode, sharing, tiered, compressed oops, g1 gc, windows-amd64)
Heap:
 garbage-first heap   total 63488K, used 29673K [0x00000000e0000000, 0x0000000100000000)
  region size 1024K, 23 young (23552K), 5 survivors (5120K)
 Metaspace       used 15086K, capacity 15817K, committed 16000K, reserved 1062912K
  class space    used 1776K, capacity 2071K, committed 2176K, reserved 1048576K
GC Heap History (8 events):
Event: 0.913 GC heap before
{Heap before GC invocations=0 (full 0):
 garbage-first heap   total 63488K, used 13312K [0x00000000e0000000, 0x0000000100000000)
  region size 1024K, 14 young (14336K), 0 survivors (0K)
 Metaspace       used 4849K, capacity 6467K, committed 6784K, reserved 1056768K
  class space    used 619K, capacity 790K, committed 896K, reserved 1048576K
}
Event: 0.920 GC heap after
{Heap after GC invocations=1 (full 0):
 garbage-first heap   total 63488K, used 4505K [0x00000000e0000000, 0x0000000100000000)
  region size 1024K, 2 young (2048K), 2 survivors (2048K)
 Metaspace       used 4849K, capacity 6467K, committed 6784K, reserved 1056768K
  class space    used 619K, capacity 790K, committed 896K, reserved 1048576K
}
Event: 0.948 GC heap before
{Heap before GC invocations=1 (full 0):
 garbage-first heap   total 63488K, used 5529K [0x00000000e0000000, 0x0000000100000000)
  region size 1024K, 3 young (3072K), 2 survivors (2048K)
 Metaspace       used 5007K, capacity 6631K, committed 6784K, reserved 1056768K
  class space    used 636K, capacity 803K, committed 896K, reserved 1048576K
}
Event: 0.951 GC heap after
{Heap after GC invocations=2 (full 0):
 garbage-first heap   total 63488K, used 4571K [0x00000000e0000000, 0x0000000100000000)
  region size 1024K, 1 young (1024K), 1 survivors (1024K)
 Metaspace       used 5007K, capacity 6631K, committed 6784K, reserved 1056768K
  class space    used 636K, capacity 803K, committed 896K, reserved 1048576K
}
Event: 1.621 GC heap before
{Heap before GC invocations=2 (full 0):
 garbage-first heap   total 63488K, used 28123K [0x00000000e0000000, 0x0000000100000000)
  region size 1024K, 24 young (24576K), 1 survivors (1024K)
 Metaspace       used 9655K, capacity 10482K, committed 10752K, reserved 1058816K
  class space    used 1250K, capacity 1491K, committed 1536K, reserved 1048576K
}
Event: 1.626 GC heap after
{Heap after GC invocations=3 (full 0):
 garbage-first heap   total 63488K, used 6456K [0x00000000e0000000, 0x0000000100000000)
  region size 1024K, 2 young (2048K), 2 survivors (2048K)
 Metaspace       used 9655K, capacity 10482K, committed 10752K, reserved 1058816K
  class space    used 1250K, capacity 1491K, committed 1536K, reserved 1048576K
}
Event: 2.227 GC heap before
{Heap before GC invocations=3 (full 0):
 garbage-first heap   total 63488K, used 37176K [0x00000000e0000000, 0x0000000100000000)
  region size 1024K, 33 young (33792K), 2 survivors (2048K)
 Metaspace       used 12845K, capacity 13538K, committed 13696K, reserved 1060864K
  class space    used 1585K, capacity 1864K, committed 1920K, reserved 1048576K
}
Event: 2.238 GC heap after
{Heap after GC invocations=4 (full 0):
 garbage-first heap   total 63488K, used 10217K [0x00000000e0000000, 0x0000000100000000)
  region size 1024K, 5 young (5120K), 5 survivors (5120K)
 Metaspace       used 12845K, capacity 13538K, committed 13696K, reserved 1060864K
  class space    used 1585K, capacity 1864K, committed 1920K, reserved 1048576K
}

